Arguments: 
  C:\Program Files\nodejs\node.exe C:\Program Files (x86)\Yarn\bin\yarn.js

PATH: 
  C:\Program Files\Common Files\Oracle\Java\javapath;C:\Python311\Scripts\;C:\Python311\;C:\Windows\system32;C:\Windows;C:\Windows\System32\Wbem;C:\Windows\System32\WindowsPowerShell\v1.0\;C:\Windows\System32\OpenSSH\;C:\Program Files\nodejs\;C:\ProgramData\chocolatey\bin;C:\Program Files\Git\cmd;C:\Program Files (x86)\Yarn\bin\;C:\Users\AA\AppData\Local\Microsoft\WindowsApps;C:\Users\AA\AppData\Roaming\npm;C:\Users\AA\AppData\Local\Yarn\bin;C:\Users\AA\AppData\Local\Android\Sdk\platform-tools;C:\Program Files\Java\jdk-11.0.16;;C:\Users\AA\AppData\Local\Programs\Microsoft VS Code\bin

Yarn version: 
  1.22.19

Node version: 
  18.17.1

Platform: 
  win32 x64

Trace: 
  Error: getaddrinfo ENOTFOUND registry.yarnpkg.com
      at GetAddrInfoReqWrap.onlookup [as oncomplete] (node:dns:108:26)

npm manifest: 
  {
    "name": "carib-ecommerce",
    "version": "1.0.0",
    "description": "",
    "main": "index.js",
    "scripts": {
      "start": "nodemon ./index.js --exec babel-node -e js"
    },
    "author": "",
    "license": "ISC",
    "dependencies": {
      "bcrypt": "^5.1.1",
      "body-parser": "^1.20.2",
      "dotenv": "^16.3.1",
      "express": "^4.18.2",
      "express-async-handler": "^1.2.0",
      "jsonwebtoken": "^9.0.2",
      "mongodb": "^6.1.0",
      "mongoose": "^7.5.4",
      "nodemon": "^3.0.1"
    },
    "devDependencies": {
      "babel-cli": "^6.26.0",
      "babel-preset-env": "^1.7.0",
      "babel-preset-stage-0": "^6.24.1"
    }
  }

yarn manifest: 
  No manifest

Lockfile: 
  No lockfile
